<?xml version="1.0" encoding="UTF-8"?>
<!-- Generated by org.testng.reporters.JUnitReportReporter -->
<testsuite hostname="thaison230904" failures="0" tests="4" name="Automation.testsuite.Day_8_BTVN" time="34.401" errors="0" timestamp="2025-10-29T15:55:15 ICT" skipped="0">
  <testcase classname="Automation.testsuite.Day_8_BTVN" name="getElementByPassword" time="9.310"/>
  <testcase classname="Automation.testsuite.Day_8_BTVN" name="getElementByName" time="8.001"/>
  <testcase classname="Automation.testsuite.Day_8_BTVN" name="getElementByEmail" time="7.825"/>
  <testcase classname="Automation.testsuite.Day_8_BTVN" name="getElementByAddress" time="9.265"/>
</testsuite> <!-- Automation.testsuite.Day_8_BTVN -->
