<?xml version="1.0" encoding="UTF-8"?>
<!-- Generated by org.testng.reporters.JUnitReportReporter -->
<testsuite hostname="thaison230904" failures="0" tests="1" name="Automation.testsuite.java_BTVN_Day7" time="6.176" errors="0" timestamp="2025-10-22T17:09:11 ICT" skipped="0">
  <testcase classname="Automation.testsuite.java_BTVN_Day7" name="nhapThongTin" time="6.176"/>
</testsuite> <!-- Automation.testsuite.java_BTVN_Day7 -->
